0:100  0:100  MemLog inited, TSC freq: 1992036920
0:100  0:000  CPU was calibrated with RTC
0:100  0:000  
0:100  0:000  Now is 01.01.1998,  03:47:39 (GMT)
0:100  0:000  Starting Clover revision: 5102 (master, commit 12d559ae) on Phoenix Technologies Ltd. EFI
0:100  0:000  Build with: [Args: -D NO_GRUB_DRIVERS_EMBEDDED -t GCC53 | -D NO_GRUB_DRIVERS_EMBEDDED --conf=/Users/macman/Development/CloverBootloader/Conf -D USE_LOW_EBDA -a X64 -b RELEASE -t GCC53 -n 17 | OS: 10.14.6]
0:100  0:000  SelfDevicePath=PciRoot(0x0)\Pci(0x1D,0x0)\Pci(0x0,0x0)\NVMe(0x1,55-57-1C-37-68-B7-26-00)\HD(1,GPT,12C2A1C2-2B04-41CF-80E9-44C7114D4AB2,0x28,0x64000) @67220298
0:100  0:000  SelfDirPath = \EFI\BOOT
0:100  0:000  SimpleTextEx Status=Success
0:100  0:000  === [ Get Smbios ] ========================================
0:100  0:000  Type 16 Index = 0
0:100  0:000  Total Memory Slots Count = 2
0:100  0:000  Type 17 Index = 0
0:100  0:000  SmbiosTable.Type17->Speed = 2400MHz
0:100  0:000  SmbiosTable.Type17->Size = 32768MB
0:100  0:000  SmbiosTable.Type17->Bank/Device = BANK 0 ChannelA-DIMM0
0:100  0:000  SmbiosTable.Type17->Vendor = 8A45
0:100  0:000  SmbiosTable.Type17->SerialNumber = 00000000
0:100  0:000  SmbiosTable.Type17->PartNumber = CL17-17-17 D4-2400  
0:100  0:000  Type 17 Index = 1
0:100  0:000  SmbiosTable.Type17->Speed = 2400MHz
0:100  0:000  SmbiosTable.Type17->Size = 8192MB
0:100  0:000  SmbiosTable.Type17->Bank/Device = BANK 2 ChannelB-DIMM0
0:100  0:000  SmbiosTable.Type17->Vendor = 0000
0:100  0:000  SmbiosTable.Type17->SerialNumber = 00000000
0:100  0:000  SmbiosTable.Type17->PartNumber = MEM-DOWN            
0:100  0:000  Boot status=0
0:100  0:000  Running on: '17Z990-R.AAS8U1' with board '17Z990'
0:100  0:000  === [ GetCPUProperties ] ==================================
0:100  0:000  CPU Vendor = 756E6547 Model=806EB
0:100  0:000   The CPU supported SSE4.1
0:100  0:000  BrandString = Intel(R) Core(TM) i7-8565U CPU @ 1.80GHz
0:100  0:000   The CPU supported turbo
0:100  0:000  MSR 0x35               40008
0:100  0:000   TSC/CCC Information Leaf:
0:100  0:000    numerator     : 166
0:100  0:000    denominator   : 2
0:100  0:000   Calibrated ARTFrequency: 24000444
0:100  0:000   Rounded ARTFrequency: 24000000
0:100  0:000  MSR 0xE2 before patch 1E008008
0:100  0:000  MSR 0xE2 is locked, PM patches will be turned on
0:100  0:000  MSR 0xCE              0004043D_F1011400
0:100  0:000  corrected FLEX_RATIO = 0
0:100  0:000  MSR 0x1B0             00000000
0:100  0:000  FSBFrequency = 159 MHz, DMI FSBFrequency = 100 MHz, Corrected FSBFrequency = 100 MHz
0:100  0:000  MaxDiv/MinDiv: 20.0/4
0:100  0:000  Turbo: 41/41/45/46
0:100  0:000  Features: 0xBFEBFBFF
0:100  0:000  Threads: 8
0:100  0:000  Cores: 4
0:100  0:000  FSB: 100 MHz
0:100  0:000  CPU: 3168 MHz
0:100  0:000  TSC: 3168 MHz
0:100  0:000  PIS: 100 MHz
0:100  0:000  ExternalClock: 25 MHz
0:100  0:000  === [ GetDevices ] ========================================
0:100  0:000  GOP found at: PciRoot(0x0)/Pci(0x2,0x0)/AcpiAdr(0x80011400)
0:100  0:000  PCI (00|00:00.00) : 8086 3E34 class=060000
0:100  0:000  PCI (00|00:02.00) : 8086 3EA0 class=030000
0:100  0:000   - GOP: Provided by device
0:100  0:000   - GFX: Model=Intel UHD Graphics 620 (Intel)
0:100  0:000  PCI (00|00:04.00) : 8086 1903 class=118000
0:100  0:000  PCI (00|00:12.00) : 8086 9DF9 class=118000
0:101  0:000  PCI (00|00:14.00) : 8086 9DED class=0C0330
0:101  0:000  PCI (00|00:14.02) : 8086 9DEF class=050000
0:101  0:000  PCI (00|00:14.03) : 8086 9DF0 class=028000
0:101  0:000   - WIFI: Vendor=Intel
0:101  0:000  PCI (00|00:15.00) : 8086 9DE8 class=0C8000
0:101  0:000  PCI (00|00:15.03) : 8086 9DEB class=0C8000
0:101  0:000  PCI (00|00:16.00) : 8086 9DE0 class=078000
0:101  0:000  PCI (00|00:1C.00) : 8086 9DBC class=060400
0:101  0:000  PCI (00|01:00.00) : 8086 15DA class=060400
0:101  0:000  PCI (00|02:00.00) : 8086 15DA class=060400
0:101  0:000  PCI (00|03:00.00) : 8086 15D9 class=088000
0:101  0:000  PCI (00|02:01.00) : 8086 15DA class=060400
0:101  0:000  PCI (00|02:02.00) : 8086 15DA class=060400
0:101  0:000  PCI (00|3D:00.00) : 8086 15DB class=0C0330
0:101  0:000  PCI (00|00:1D.00) : 8086 9DB0 class=060400
0:101  0:000  PCI (00|3E:00.00) : 2646 2263 class=010802
0:101  0:000  PCI (00|00:1D.04) : 8086 9DB4 class=060400
0:101  0:000  PCI (00|3F:00.00) : 14E4 43A0 class=028000
0:101  0:000   - WIFI: Vendor=Broadcom
0:101  0:000  PCI (00|00:1D.06) : 8086 9DB6 class=060400
0:101  0:000  PCI (00|40:00.00) : 10EC 522A class=FF0000
0:101  0:000  PCI (00|00:1E.00) : 8086 9DA8 class=078000
0:101  0:000  PCI (00|00:1E.03) : 8086 9DAB class=0C8000
0:101  0:000  PCI (00|00:1F.00) : 8086 9D84 class=060100
0:101  0:000  PCI (00|00:1F.03) : 8086 9DC8 class=040300
0:101  0:000  PCI (00|00:1F.04) : 8086 9DA3 class=0C0500
0:101  0:000  PCI (00|00:1F.05) : 8086 9DA4 class=0C8000
0:101  0:000  === [ GetDefaultSettings ] ================================
0:101  0:000  Clover load options size = 16 bytes
0:102  0:000  CheckOEMPathExists tried EFI\CLOVER\OEM\17Z990\UEFI. Dir not exists
0:102  0:000  CheckOEMPathExists tried EFI\CLOVER\OEM\17Z990-R.AAS8U1. Dir not exists
0:102  0:000  CheckOEMPathExists tried EFI\CLOVER\OEM\17Z990-R.AAS8U1-3168. Dir not exists
0:102  0:000  CheckOEMPathExists tried EFI\CLOVER\OEM\17Z990. Dir not exists
0:102  0:000  CheckOEMPathExists tried EFI\CLOVER\OEM\17Z990-3168. Dir not exists
0:102  0:000  set OEMPath by default: EFI\CLOVER
0:104  0:001  EFI\CLOVER\config.plist loaded: Success
0:104  0:000  === [ GetListOfThemes ] ===================================
0:105  0:000  - [00]: Catalina
0:106  0:001  === [ Found config plists ] ===============================
0:106  0:000  - config.plist
0:106  0:000  === [ GetEarlyUserSettings ] ==============================
0:106  0:000  timeout set to 1
0:106  0:000  Custom boot CUSTOM_BOOT_DISABLED (0x0)
0:106  0:000  ForceKextsToLoad: 1 requested
0:106  0:000   - [0]: System\Library\Extensions\IONetworkingFamily.kext
0:106  0:000  KernelToPatch: 3 requested
0:106  0:000   - [00]: MSR 0xE2 _xcpm_idle instant reboot(c) Pike R. Alpha :: data len: 8
0:106  0:000   - [01]: Disable panic kext logging on 10.13 release kernel (credit vit9696) :: MatchOS: 10.13.x :: data len: 6
0:106  0:000   - [02]: Disable panic kext logging on 10.14 release kernel (credit vit9696) :: MatchOS: 10.14.x :: data len: 6
0:106  0:000  Default theme: Catalina
0:106  0:000  Hiding entries with string Preboot
0:106  0:000  === [ LoadDrivers ] =======================================
0:107  0:000  Loading HFSPlus.efi  status=Success
0:107  0:000   - driver needs connecting
0:107  0:000  Loading DataHubDxe-64.efi  status=Success
0:112  0:004  Loading AppleUiSupport.efi  status=Success
0:113  0:000  Loading FSInject-64.efi  status=Success
0:113  0:000  Loading ApfsDriverLoader-64.efi  status=Success
0:113  0:000   - driver needs connecting
0:113  0:000  Loading SMCHelper-64.efi  status=Success
0:114  0:000  Loading AptioInputFix-64.efi  status=Success
0:136  0:021  Loading AptioMemoryFix-64.efi  status=Success
0:136  0:000  2 drivers needs connecting ...
0:136  0:000  PlatformDriverOverrideProtocol not found. Installing ... Success
0:136  0:000  HFS+ driver loaded
0:136  0:000  APFS driver loaded
0:136  0:000  Searching for invalid DiskIo BY_DRIVER connects: not found, all ok
0:375  0:238  === [ InitScreen ] ========================================
0:375  0:000  Console modes reported: 8, available modes:
0:375  0:000   - [01]: 80x25
0:375  0:000   - [02]: 80x50
0:375  0:000   - [03]: 320x84 (current mode)
0:375  0:000   - [04]: 100x31
0:375  0:000   - [05]: 128x40
0:375  0:000   - [06]: 160x53
0:375  0:000   - [07]: 200x63
0:375  0:000   - [08]: 240x75
0:375  0:000  SetScreenResolution: 1920x1200 - not found!
0:375  0:000  SetMaxResolution: found best mode 0: 2560x1600
0:375  0:000   - already set
0:375  0:000  SetScreenResolution: 2560x1600 - already set
0:375  0:000  reinit: self device path=PciRoot(0x0)\Pci(0x1D,0x0)\Pci(0x0,0x0)\NVMe(0x1,55-57-1C-37-68-B7-26-00)\HD(1,GPT,12C2A1C2-2B04-41CF-80E9-44C7114D4AB2,0x28,0x64000)
0:376  0:000  Using embedded font: Success
0:377  0:000  === [ GetMacAddress ] =====================================
0:377  0:000  === [ ScanSPD ] ===========================================
0:378  0:000  Scanning SMBus [8086:9DA3], mmio: 0x23122004, ioport: 0xEFA0, hostc: 0x11
0:396  0:017  Slot: 0 Type 26 32768MB 2400MHz Vendor=NoName PartNo=CL17-17-17D4-2400 SerialNo=0000000000000000
0:397  0:001  === [ GetAcpiTablesList ] =================================
0:397  0:000  Get Acpi Tables List from RSDT:
0:397  0:000   - [00]: FACP  LGPC     len=276
0:397  0:000   - [01]: SSDT  CpuSsdt len=6940
0:397  0:000   - [02]: SSDT  XnSsdt  len=3642
0:397  0:000   - [03]: SSDT  FwiTable len=18082
0:397  0:000   - [04]: SSDT  DptfTabl len=33732
0:397  0:000   - [05]: PMCT  LGPC     len=83
0:397  0:000   - [06]: SSDT  SaSsdt  len=12742
0:397  0:000   - [07]: ECDT  LGPC     len=105
0:397  0:000   - [08]: HPET  LGPC     len=56
0:397  0:000   - [09]: APIC  LGPC     len=300
0:397  0:000   - [10]: MCFG  LGPC     len=60
0:397  0:000   - [11]: SSDT  CnlU_Rvp len=10774
0:397  0:000   - [12]: SSDT  Ther_Rvp len=274
0:397  0:000   - [13]: SSDT  xh_whld4 len=11005
0:397  0:000   - [14]: BOOT  LGPC     len=40
0:397  0:000   - [15]: UEFI  LGPC     len=66
0:397  0:000   - [16]: SSDT  UsbCTabl len=6101
0:397  0:000   - [17]: LPIT  LGPC     len=92
0:397  0:000   - [18]: WSMT  LGPC     len=40
0:397  0:000   - [19]: SSDT  TbtTypeC len=5119
0:397  0:000   - [20]: DBGP  LGPC     len=52
0:397  0:000   - [21]: DBG2  LGPC     len=84
0:397  0:000   - [22]: MSDM  LGPC     len=85
0:397  0:000   - [23]: BATB  LGPC     len=74
0:397  0:000   - [24]: DMAR  LGPC     len=168
0:397  0:000   - [25]: FPDT  LGPC     len=68
0:397  0:000   - [26]: BGRT  LGPC     len=56
0:397  0:000   - [27]: UEFI  LGPC     len=278
0:397  0:000  Calibrated TSC Frequency = 1992036920 = 1992MHz
0:397  0:000  === [ GetUserSettings ] ===================================
0:397  0:000  Add 3 devices:
0:397  0:000  USB FixOwnership: yes
0:397  0:000  Dropping 3 tables:
0:397  0:000   - [00]: Drop table  signature="#MCF" (46434D23)
0:397  0:000           - set table: 46434D23,                0 to drop: no
0:397  0:000   - [01]: Drop table  signature="DMAR" (52414D44)
0:397  0:000           - set table: 52414D44,                0 to drop: yes
0:397  0:000   - [02]: Drop table  signature="SSDT" (54445353) table-id="xh_rvp10" (30317076725F6878)
0:397  0:000           - set table: 54445353, 30317076725F6878 to drop: no
0:397  0:000   - final DSDT Fix mask=00060050
0:397  0:000  PatchesDSDT: 11 requested
0:397  0:000   - [00]: (Fix AsRock Z390 BIOS DSDT Device(RTC) bug) lenToFind: 8, lenToReplace: 8, Target Bridge: <null string>
0:397  0:000   - [01]: (change OSID to XSID (to avoid match against _OSI XOSI patch)) lenToFind: 4, lenToReplace: 4, Target Bridge: <null string>
0:397  0:000   - [02]: (change _OSI to XOSI) lenToFind: 4, lenToReplace: 4, Target Bridge: <null string>
0:397  0:000   - [03]: (change _DSM to XDSM) lenToFind: 4, lenToReplace: 4, Target Bridge: <null string>
0:397  0:000   - [04]: (change EC0 to EC) lenToFind: 4, lenToReplace: 4, Target Bridge: <null string>
0:397  0:000   - [05]: (change H_EC to EC) lenToFind: 4, lenToReplace: 4, Target Bridge: <null string>
0:397  0:000   - [06]: (change ECDV to EC) lenToFind: 4, lenToReplace: 4, Target Bridge: <null string>
0:397  0:000    patch disabled at config
0:397  0:000   - [07]: (change HDAS to HDEF) lenToFind: 4, lenToReplace: 4, Target Bridge: <null string>
0:397  0:000    patch disabled at config
0:397  0:000   - [08]: (change HECI to IMEI) lenToFind: 4, lenToReplace: 4, Target Bridge: <null string>
0:397  0:000   - [09]: (change MEI to IMEI) lenToFind: 4, lenToReplace: 4, Target Bridge: <null string>
0:397  0:000   - [10]: (change GFX0 to IGPU) lenToFind: 4, lenToReplace: 4, Target Bridge: <null string>
0:397  0:000  Using ProductName from config: MacBookPro15,2
0:397  0:000  BiosVersion: not set, Using BiosVersion from clover
0:397  0:000  BiosVersion: MBP152.88Z.F000.B00.1911142159
0:397  0:000  BiosReleaseDate: 11/14/2019
0:397  0:000  Using EfiVersion from clover: 1037.60.58.0.0
0:397  0:000  Using FirmwareFeatures from clover: 0xFC0FE137
0:397  0:000  Using FirmwareFeaturesMask from clover: 0xFF1FFF3F
0:397  0:000  Using PlatformFeature from clover: 0x2
0:398  0:000  === [ Found DSDT tables ] =================================
0:398  0:000  - DSDT.aml
0:414  0:016  === [ ScanVolumes ] =======================================
0:414  0:000  Found 15 volumes with blockIO
0:414  0:000  - [00]: Volume: PciRoot(0x0)\Pci(0x14,0x0)\USB(0x6,0x0)
0:416  0:002          Result of bootcode detection: bootable unknown (legacy)
0:416  0:000          USB volume
0:416  0:000  - [01]: Volume: PciRoot(0x0)\Pci(0x14,0x0)\USB(0x6,0x0)\HD(2,MBR,0x6132549E,0x3E26A4,0x1F00)
0:419  0:002          Result of bootcode detection: bootable unknown (legacy)
0:419  0:000          USB volume
0:424  0:005  - [02]: Volume: PciRoot(0x0)\Pci(0x14,0x0)\USB(0xF,0x0)
0:425  0:000          USB volume
0:425  0:000  - [03]: Volume: PciRoot(0x0)\Pci(0x14,0x0)\USB(0xF,0x0)\HD(1,GPT,AD268CF8-2AE0-4AD2-B1F3-738020EC43B2,0x28,0x64000)
0:426  0:000          Result of bootcode detection: bootable unknown (legacy)
0:426  0:000          USB volume
0:429  0:003  - [04]: Volume: PciRoot(0x0)\Pci(0x14,0x0)\USB(0xF,0x0)\HD(2,GPT,B8381305-4DDA-499B-A0D0-25028530DD5D,0x64028,0x1C5FFB0)
0:430  0:000          USB volume
0:430  0:000  - [05]: Volume: PciRoot(0x0)\Pci(0x14,0x0)\USB(0x6,0x0)\CDROM(0x0)
0:433  0:002          Result of bootcode detection: bootable Linux (linux)
0:433  0:000          USB volume
0:433  0:000  - [06]: Volume: PciRoot(0x0)\Pci(0x14,0x0)\USB(0x6,0x0)\CDROM(0x1)
0:435  0:002          Result of bootcode detection: bootable unknown (legacy)
0:435  0:000          USB volume
0:441  0:005  - [07]: Volume: PciRoot(0x0)\Pci(0x1D,0x0)\Pci(0x0,0x0)\NVMe(0x1,55-57-1C-37-68-B7-26-00)
0:441  0:000  - [08]: Volume: PciRoot(0x0)\Pci(0x1D,0x0)\Pci(0x0,0x0)\NVMe(0x1,55-57-1C-37-68-B7-26-00)\HD(1,GPT,12C2A1C2-2B04-41CF-80E9-44C7114D4AB2,0x28,0x64000)
0:441  0:000          Result of bootcode detection: bootable unknown (legacy)
0:441  0:000          This is SelfVolume !!
0:441  0:000  - [09]: Volume: PciRoot(0x0)\Pci(0x1D,0x0)\Pci(0x0,0x0)\NVMe(0x1,55-57-1C-37-68-B7-26-00)\HD(2,GPT,22094003-69F5-4A6F-AB51-07BF2EF426D9,0x64028,0x1D161920)
0:441  0:000          Result of bootcode detection: bootable unknown (legacy)
0:441  0:000  - [10]: Volume: PciRoot(0x0)\Pci(0x1D,0x0)\Pci(0x0,0x0)\NVMe(0x1,55-57-1C-37-68-B7-26-00)\HD(2,GPT,22094003-69F5-4A6F-AB51-07BF2EF426D9,0x64028,0x1D161920)\VenMedia(BE74FCF7-0B7C-49F3-9147-01F4042E6842,7F8EAEAB72C4D9458F510A6C1AA2E109)
0:441  0:000          hiding this volume
0:441  0:000  - [11]: Volume: PciRoot(0x0)\Pci(0x1D,0x0)\Pci(0x0,0x0)\NVMe(0x1,55-57-1C-37-68-B7-26-00)\HD(2,GPT,22094003-69F5-4A6F-AB51-07BF2EF426D9,0x64028,0x1D161920)\VenMedia(BE74FCF7-0B7C-49F3-9147-01F4042E6842,3E4C8BEBD70E7B4883C9B62F017DCB43)
0:441  0:000  - [12]: Volume: PciRoot(0x0)\Pci(0x1D,0x0)\Pci(0x0,0x0)\NVMe(0x1,55-57-1C-37-68-B7-26-00)\HD(2,GPT,22094003-69F5-4A6F-AB51-07BF2EF426D9,0x64028,0x1D161920)\VenMedia(BE74FCF7-0B7C-49F3-9147-01F4042E6842,EA240E917456964D9DAD6510ACCB732A)
0:441  0:000  - [13]: Volume: PciRoot(0x0)\Pci(0x1D,0x0)\Pci(0x0,0x0)\NVMe(0x1,55-57-1C-37-68-B7-26-00)\HD(2,GPT,22094003-69F5-4A6F-AB51-07BF2EF426D9,0x64028,0x1D161920)\VenMedia(BE74FCF7-0B7C-49F3-9147-01F4042E6842,D4F88332E392AA458BA5034875E138E9)
0:441  0:000  - [14]: Volume: PciRoot(0x0)\Pci(0x1D,0x0)\Pci(0x0,0x0)\NVMe(0x1,55-57-1C-37-68-B7-26-00)\HD(2,GPT,22094003-69F5-4A6F-AB51-07BF2EF426D9,0x64028,0x1D161920)\VenMedia(BE74FCF7-0B7C-49F3-9147-01F4042E6842,6ACC6273266F514A9EA1D5D3A6721292)
0:442  0:000  No AudioIoProtocols, status=Not Found
0:442  0:000  === [ InitTheme ] =========================================
0:442  0:000  use night theme
0:443  0:001  Using theme 'Catalina' (EFI\CLOVER\themes\Catalina)
0:443  0:000  OS main and drive as badge
0:443  0:000  file sound read: sound_night.wav Not Found
0:443  0:000    Channels: 1  Sample rate: 44100 Hz  Bits: 16
0:443  0:000  output to channel 0 with volume 70, len=228736
0:443  0:000   sound channels=1 bits=16 freq=44100
0:443  0:000  not found AudioIo to play
0:443  0:000  free sound
0:443  0:000  sound play end with status=Not Found
0:444  0:000  Loading font from ThemeDir: Success
0:445  0:000  theme inited
0:445  0:000  Chosen theme Catalina
0:445  0:000  after NVRAM boot-args=-cdfon -disablegfxfirmware -igfxnohdmi alcid=21 dart=0 uia_exclude=HS10 nv_disable=1
0:445  0:000  === [ Dump SMC keys from NVRAM ] ==========================
0:445  0:000  found AppleSMC protocol
0:468  0:022  Registered 14 SMC keys
0:468  0:000  === [ AddCustomEntries ] ==================================
0:468  0:000  Custom entry 0 Title:"Recovery" Path:"\com.apple.recovery.boot\boot.efi" Type:10 Flags:0x2 matching all volumes
0:468  0:000      Checking volume "EFI" (PciRoot(0x0)\Pci(0x14,0x0)\USB(0x6,0x0)\HD(2,MBR,0x6132549E,0x3E26A4,0x1F00)) ... skipped because path does not exist
0:468  0:000      Checking volume "EFI" (PciRoot(0x0)\Pci(0x14,0x0)\USB(0xF,0x0)\HD(1,GPT,AD268CF8-2AE0-4AD2-B1F3-738020EC43B2,0x28,0x64000)) ... skipped because path does not exist
0:470  0:002      Checking volume "Install macOS Catalina" (PciRoot(0x0)\Pci(0x14,0x0)\USB(0xF,0x0)\HD(2,GPT,B8381305-4DDA-499B-A0D0-25028530DD5D,0x64028,0x1C5FFB0)) ... skipped because path does not exist
0:470  0:000      Checking volume "" (PciRoot(0x0)\Pci(0x14,0x0)\USB(0x6,0x0)\CDROM(0x1)) ... skipped because path does not exist
0:470  0:000      Checking volume "EFI" (PciRoot(0x0)\Pci(0x1D,0x0)\Pci(0x0,0x0)\NVMe(0x1,55-57-1C-37-68-B7-26-00)\HD(1,GPT,12C2A1C2-2B04-41CF-80E9-44C7114D4AB2,0x28,0x64000)) ... skipped because path does not exist
0:470  0:000      Checking volume "Preboot" (PciRoot(0x0)\Pci(0x1D,0x0)\Pci(0x0,0x0)\NVMe(0x1,55-57-1C-37-68-B7-26-00)\HD(2,GPT,22094003-69F5-4A6F-AB51-07BF2EF426D9,0x64028,0x1D161920)\VenMedia(BE74FCF7-0B7C-49F3-9147-01F4042E6842,7F8EAEAB72C4D9458F510A6C1AA2E109)) ... skipped because volume is hidden
0:470  0:000      Checking volume "NVMe - Data" (PciRoot(0x0)\Pci(0x1D,0x0)\Pci(0x0,0x0)\NVMe(0x1,55-57-1C-37-68-B7-26-00)\HD(2,GPT,22094003-69F5-4A6F-AB51-07BF2EF426D9,0x64028,0x1D161920)\VenMedia(BE74FCF7-0B7C-49F3-9147-01F4042E6842,3E4C8BEBD70E7B4883C9B62F017DCB43)) ... skipped because path does not exist
0:470  0:000      Checking volume "Recovery" (PciRoot(0x0)\Pci(0x1D,0x0)\Pci(0x0,0x0)\NVMe(0x1,55-57-1C-37-68-B7-26-00)\HD(2,GPT,22094003-69F5-4A6F-AB51-07BF2EF426D9,0x64028,0x1D161920)\VenMedia(BE74FCF7-0B7C-49F3-9147-01F4042E6842,EA240E917456964D9DAD6510ACCB732A)) ... skipped because path does not exist
0:470  0:000      Checking volume "VM" (PciRoot(0x0)\Pci(0x1D,0x0)\Pci(0x0,0x0)\NVMe(0x1,55-57-1C-37-68-B7-26-00)\HD(2,GPT,22094003-69F5-4A6F-AB51-07BF2EF426D9,0x64028,0x1D161920)\VenMedia(BE74FCF7-0B7C-49F3-9147-01F4042E6842,D4F88332E392AA458BA5034875E138E9)) ... skipped because path does not exist
0:470  0:000      Checking volume "NVMe" (PciRoot(0x0)\Pci(0x1D,0x0)\Pci(0x0,0x0)\NVMe(0x1,55-57-1C-37-68-B7-26-00)\HD(2,GPT,22094003-69F5-4A6F-AB51-07BF2EF426D9,0x64028,0x1D161920)\VenMedia(BE74FCF7-0B7C-49F3-9147-01F4042E6842,6ACC6273266F514A9EA1D5D3A6721292)) ... skipped because path does not exist
0:470  0:000  Custom entry 1 Title:"Windows" Path:"\EFI\Microsoft\Boot\bootmgfw.efi" Options:"-s -h" Type:7 Flags:0x0 matching all volumes
0:470  0:000      Checking volume "EFI" (PciRoot(0x0)\Pci(0x14,0x0)\USB(0x6,0x0)\HD(2,MBR,0x6132549E,0x3E26A4,0x1F00)) ... skipped because path does not exist
0:473  0:002      Checking volume "EFI" (PciRoot(0x0)\Pci(0x14,0x0)\USB(0xF,0x0)\HD(1,GPT,AD268CF8-2AE0-4AD2-B1F3-738020EC43B2,0x28,0x64000)) ... skipped because path does not exist
0:475  0:002      Checking volume "Install macOS Catalina" (PciRoot(0x0)\Pci(0x14,0x0)\USB(0xF,0x0)\HD(2,GPT,B8381305-4DDA-499B-A0D0-25028530DD5D,0x64028,0x1C5FFB0)) ... skipped because path does not exist
0:475  0:000      Checking volume "" (PciRoot(0x0)\Pci(0x14,0x0)\USB(0x6,0x0)\CDROM(0x1)) ... skipped because path does not exist
0:478  0:002      Checking volume "EFI" (PciRoot(0x0)\Pci(0x1D,0x0)\Pci(0x0,0x0)\NVMe(0x1,55-57-1C-37-68-B7-26-00)\HD(1,GPT,12C2A1C2-2B04-41CF-80E9-44C7114D4AB2,0x28,0x64000)) ... skipped because path does not exist
0:478  0:000      Checking volume "Preboot" (PciRoot(0x0)\Pci(0x1D,0x0)\Pci(0x0,0x0)\NVMe(0x1,55-57-1C-37-68-B7-26-00)\HD(2,GPT,22094003-69F5-4A6F-AB51-07BF2EF426D9,0x64028,0x1D161920)\VenMedia(BE74FCF7-0B7C-49F3-9147-01F4042E6842,7F8EAEAB72C4D9458F510A6C1AA2E109)) ... skipped because volume is hidden
0:478  0:000      Checking volume "NVMe - Data" (PciRoot(0x0)\Pci(0x1D,0x0)\Pci(0x0,0x0)\NVMe(0x1,55-57-1C-37-68-B7-26-00)\HD(2,GPT,22094003-69F5-4A6F-AB51-07BF2EF426D9,0x64028,0x1D161920)\VenMedia(BE74FCF7-0B7C-49F3-9147-01F4042E6842,3E4C8BEBD70E7B4883C9B62F017DCB43)) ... skipped because path does not exist
0:478  0:000      Checking volume "Recovery" (PciRoot(0x0)\Pci(0x1D,0x0)\Pci(0x0,0x0)\NVMe(0x1,55-57-1C-37-68-B7-26-00)\HD(2,GPT,22094003-69F5-4A6F-AB51-07BF2EF426D9,0x64028,0x1D161920)\VenMedia(BE74FCF7-0B7C-49F3-9147-01F4042E6842,EA240E917456964D9DAD6510ACCB732A)) ... skipped because path does not exist
0:478  0:000      Checking volume "VM" (PciRoot(0x0)\Pci(0x1D,0x0)\Pci(0x0,0x0)\NVMe(0x1,55-57-1C-37-68-B7-26-00)\HD(2,GPT,22094003-69F5-4A6F-AB51-07BF2EF426D9,0x64028,0x1D161920)\VenMedia(BE74FCF7-0B7C-49F3-9147-01F4042E6842,D4F88332E392AA458BA5034875E138E9)) ... skipped because path does not exist
0:478  0:000      Checking volume "NVMe" (PciRoot(0x0)\Pci(0x1D,0x0)\Pci(0x0,0x0)\NVMe(0x1,55-57-1C-37-68-B7-26-00)\HD(2,GPT,22094003-69F5-4A6F-AB51-07BF2EF426D9,0x64028,0x1D161920)\VenMedia(BE74FCF7-0B7C-49F3-9147-01F4042E6842,6ACC6273266F514A9EA1D5D3A6721292)) ... skipped because path does not exist
0:478  0:000  === [ ScanLoader ] ========================================
0:478  0:000  - [01]: 'EFI'
0:494  0:015          AddLoaderEntry for Volume Name=EFI
0:494  0:000          skipped because entry is hidden
0:494  0:000  - [03]: 'EFI'
0:507  0:012          AddLoaderEntry for Volume Name=EFI
0:507  0:000          skipped because entry is hidden
0:507  0:000  - [04]: 'Install macOS Catalina'
0:508  0:001          AddLoaderEntry for Volume Name=Install macOS Catalina
0:526  0:017  - [06]: ''
0:538  0:012          AddLoaderEntry for Volume Name=
0:539  0:000  - [08]: 'EFI'
0:552  0:013          AddLoaderEntry for Volume Name=EFI
0:552  0:000          skipped because entry is hidden
0:552  0:000  - [10]: 'Preboot', hidden
0:552  0:000  - [11]: 'NVMe - Data'
0:565  0:012  - [12]: 'Recovery'
0:566  0:000          AddLoaderEntry for Volume Name=Recovery
0:579  0:013  - [13]: 'VM'
0:592  0:012  - [14]: 'NVMe'
0:595  0:003          AddLoaderEntry for Volume Name=NVMe
0:596  0:000      hibernated: set as never
0:609  0:012  === [ AddCustomTool ] =====================================
0:609  0:000  found tool \EFI\CLOVER\tools\Shell64U.efi
0:609  0:000  Checking EFI partition Volume 1 for Clover
0:609  0:000  Checking EFI partition Volume 3 for Clover
0:616  0:006   Found Clover
0:617  0:001  === [ GetEfiBootDeviceFromNvram ] =========================
0:617  0:000   - efi-boot-device-data: PciRoot(0x0)\Pci(0x14,0x0)\USB(0x6,0x0)\CDROM(0x1)\EFI\BOOT\BOOTX64.efii
0:617  0:000    - Volume: 'PciRoot(0x0)\Pci(0x14,0x0)\USB(0x6,0x0)\CDROM(0x1)'
0:617  0:000    - LoaderPath: '\EFI\BOOT\BOOTX64.efi'
0:617  0:000  === [ FindStartupDiskVolume ] =============================
0:617  0:000    - Volume: partition = PciRoot(0x0)\Pci(0x14,0x0)\USB(0x6,0x0)\CDROM(0x1)
0:617  0:000     - searching for that partition and loader '\EFI\BOOT\BOOTX64.efi'
0:617  0:000      - found entry 1. 'Boot UEFI optical from CDROM(0x1)', Volume '', '\EFI\BOOT\BOOTX64.efi'
0:617  0:000  Boot redirected to Entry 1. 'Boot UEFI optical from CDROM(0x1)'
0:617  0:000  DefaultIndex=1 and MainMenu.EntryCount=10
2:086  1:468  GUI ready
